<?xml version="1.0" encoding="UTF-8"?>
<!-- Generated by org.testng.reporters.JUnitXMLReporter -->
<testsuite ignored="0" hostname="ICEN632" failures="1" tests="4" name="Error Validations Test" time="17.55" errors="0" timestamp="2024-03-29T17:48:55 IST">
  <testcase classname="rsa.tests.ErrorValidationsTest" name="incorrectLoginCredentials" time="1.132">
    <skipped/>
  </testcase> <!-- incorrectLoginCredentials -->
  <testcase classname="rsa.tests.ErrorValidationsTest" name="incorrectLoginCredentials" time="1.106">
    <skipped/>
  </testcase> <!-- incorrectLoginCredentials -->
  <testcase classname="rsa.tests.ErrorValidationsTest" name="incorrectLoginCredentials" time="1.092">
    <failure type="java.lang.AssertionError" message="expected [Incorrect email or password.] but found [Incorrect email password.]">
      <![CDATA[java.lang.AssertionError: expected [Incorrect email or password.] but found [Incorrect email password.]
at rsa.tests.ErrorValidationsTest.incorrectLoginCredentials(ErrorValidationsTest.java:17)
at java.base/java.util.ArrayList.forEach(ArrayList.java:1511)
... Removed 33 stack frames]]>
    </failure>
  </testcase> <!-- incorrectLoginCredentials -->
  <testcase classname="rsa.tests.ErrorValidationsTest" name="productValidationTest" time="2.894"/>
</testsuite> <!-- Error Validations Test -->
